# JRE version: Java(TM) SE Runtime Environment (21.0.2+13) (build 21.0.2+13-LTS-58)
# Java VM: Java HotSpot(TM) 64-Bit Server VM (21.0.2+13-LTS-58, mixed mode, sharing, tiered, compressed oops, compressed class ptrs, g1 gc, windows-amd64)
GC Precious Log:
 CardTable entry size: 512
 Card Set container configuration: InlinePtr #cards 5 size 8 Array Of Cards #cards 12 size 40 Howl #buckets 4 coarsen threshold 1843 Howl Bitmap #cards 512 size 80 coarsen threshold 460 Card regions per heap region 1 cards per card region 2048
 CPUs: 16 total, 16 available
 Memory: 15790M
 Large Page Support: Disabled
 NUMA Support: Disabled
 Compressed Oops: Enabled (32-bit)
 Heap Region Size: 1M
 Heap Min Capacity: 8M
 Heap Initial Capacity: 248M
 Heap Max Capacity: 2G
 Pre-touch: Disabled
 Parallel Workers: 13
 Concurrent Workers: 3
 Concurrent Refinement Workers: 13
 Periodic GC: Disabled
Heap:
 garbage-first heap   total 196608K, used 131714K [0x0000000080000000, 0x0000000100000000)
  region size 1024K, 18 young (18432K), 9 survivors (9216K)
 Metaspace       used 100461K, committed 102656K, reserved 1179648K
  class space    used 13940K, committed 15040K, reserved 1048576K
GC Heap History (20 events):
Event: 7.295 GC heap before
{Heap before GC invocations=15 (full 0):
 garbage-first heap   total 143360K, used 130771K [0x0000000080000000, 0x0000000100000000)
  region size 1024K, 59 young (60416K), 8 survivors (8192K)
 Metaspace       used 68385K, committed 70272K, reserved 1114112K
  class space    used 9488K, committed 10432K, reserved 1048576K
}
Event: 7.302 GC heap after
{Heap after GC invocations=16 (full 0):
 garbage-first heap   total 145408K, used 81799K [0x0000000080000000, 0x0000000100000000)
  region size 1024K, 5 young (5120K), 5 survivors (5120K)
 Metaspace       used 68385K, committed 70272K, reserved 1114112K
  class space    used 9488K, committed 10432K, reserved 1048576K
}
Event: 7.747 GC heap before
{Heap before GC invocations=16 (full 0):
 garbage-first heap   total 145408K, used 130951K [0x0000000080000000, 0x0000000100000000)
  region size 1024K, 53 young (54272K), 5 survivors (5120K)
 Metaspace       used 73508K, committed 75456K, reserved 1114112K
  class space    used 10167K, committed 11136K, reserved 1048576K
}
Event: 7.752 GC heap after
{Heap after GC invocations=17 (full 0):
 garbage-first heap   total 145408K, used 83928K [0x0000000080000000, 0x0000000100000000)
  region size 1024K, 7 young (7168K), 7 survivors (7168K)
 Metaspace       used 73508K, committed 75456K, reserved 1114112K
  class space    used 10167K, committed 11136K, reserved 1048576K
}
Event: 8.120 GC heap before
{Heap before GC invocations=18 (full 0):
 garbage-first heap   total 145408K, used 128984K [0x0000000080000000, 0x0000000100000000)
  region size 1024K, 51 young (52224K), 7 survivors (7168K)
 Metaspace       used 75107K, committed 77056K, reserved 1179648K
  class space    used 10362K, committed 11328K, reserved 1048576K
}
Event: 8.126 GC heap after
{Heap after GC invocations=19 (full 0):
 garbage-first heap   total 175104K, used 88363K [0x0000000080000000, 0x0000000100000000)
  region size 1024K, 7 young (7168K), 7 survivors (7168K)
 Metaspace       used 75107K, committed 77056K, reserved 1179648K
  class space    used 10362K, committed 11328K, reserved 1048576K
}
Event: 8.746 GC heap before
{Heap before GC invocations=19 (full 0):
 garbage-first heap   total 175104K, used 157995K [0x0000000080000000, 0x0000000100000000)
  region size 1024K, 74 young (75776K), 7 survivors (7168K)
 Metaspace       used 80167K, committed 82112K, reserved 1179648K
  class space    used 11157K, committed 12096K, reserved 1048576K
}
Event: 8.751 GC heap after
{Heap after GC invocations=20 (full 0):
 garbage-first heap   total 175104K, used 90705K [0x0000000080000000, 0x0000000100000000)
  region size 1024K, 8 young (8192K), 8 survivors (8192K)
 Metaspace       used 80167K, committed 82112K, reserved 1179648K
  class space    used 11157K, committed 12096K, reserved 1048576K
}
Event: 9.358 GC heap before
{Heap before GC invocations=20 (full 0):
 garbage-first heap   total 175104K, used 155217K [0x0000000080000000, 0x0000000100000000)
  region size 1024K, 71 young (72704K), 8 survivors (8192K)
 Metaspace       used 84712K, committed 86720K, reserved 1179648K
  class space    used 11876K, committed 12864K, reserved 1048576K
}
Event: 9.363 GC heap after
{Heap after GC invocations=21 (full 0):
 garbage-first heap   total 175104K, used 93753K [0x0000000080000000, 0x0000000100000000)
  region size 1024K, 6 young (6144K), 6 survivors (6144K)
 Metaspace       used 84712K, committed 86720K, reserved 1179648K
  class space    used 11876K, committed 12864K, reserved 1048576K
}
Event: 10.072 GC heap before
{Heap before GC invocations=22 (full 0):
 garbage-first heap   total 175104K, used 158265K [0x0000000080000000, 0x0000000100000000)
  region size 1024K, 69 young (70656K), 6 survivors (6144K)
 Metaspace       used 89609K, committed 91776K, reserved 1179648K
  class space    used 12595K, committed 13696K, reserved 1048576K
}
Event: 10.077 GC heap after
{Heap after GC invocations=23 (full 0):
 garbage-first heap   total 175104K, used 97368K [0x0000000080000000, 0x0000000100000000)
  region size 1024K, 7 young (7168K), 7 survivors (7168K)
 Metaspace       used 89609K, committed 91776K, reserved 1179648K
  class space    used 12595K, committed 13696K, reserved 1048576K
}
Event: 10.679 GC heap before
{Heap before GC invocations=23 (full 0):
 garbage-first heap   total 175104K, used 155736K [0x0000000080000000, 0x0000000100000000)
  region size 1024K, 65 young (66560K), 7 survivors (7168K)
 Metaspace       used 94081K, committed 96256K, reserved 1179648K
  class space    used 13149K, committed 14208K, reserved 1048576K
}
Event: 10.689 GC heap after
{Heap after GC invocations=24 (full 0):
 garbage-first heap   total 175104K, used 101073K [0x0000000080000000, 0x0000000100000000)
  region size 1024K, 9 young (9216K), 9 survivors (9216K)
 Metaspace       used 94081K, committed 96256K, reserved 1179648K
  class space    used 13149K, committed 14208K, reserved 1048576K
}
Event: 10.832 GC heap before
{Heap before GC invocations=24 (full 0):
 garbage-first heap   total 175104K, used 113361K [0x0000000080000000, 0x0000000100000000)
  region size 1024K, 22 young (22528K), 9 survivors (9216K)
 Metaspace       used 94991K, committed 97088K, reserved 1179648K
  class space    used 13226K, committed 14272K, reserved 1048576K
}
Event: 10.839 GC heap after
{Heap after GC invocations=25 (full 0):
 garbage-first heap   total 175104K, used 104912K [0x0000000080000000, 0x0000000100000000)
  region size 1024K, 4 young (4096K), 4 survivors (4096K)
 Metaspace       used 94991K, committed 97088K, reserved 1179648K
  class space    used 13226K, committed 14272K, reserved 1048576K
}
Event: 11.321 GC heap before
{Heap before GC invocations=26 (full 0):
 garbage-first heap   total 188416K, used 165328K [0x0000000080000000, 0x0000000100000000)
  region size 1024K, 58 young (59392K), 4 survivors (4096K)
 Metaspace       used 97817K, committed 99968K, reserved 1179648K
  class space    used 13607K, committed 14656K, reserved 1048576K
}
Event: 11.326 GC heap after
{Heap after GC invocations=27 (full 0):
 garbage-first heap   total 188416K, used 109942K [0x0000000080000000, 0x0000000100000000)
  region size 1024K, 8 young (8192K), 8 survivors (8192K)
 Metaspace       used 97817K, committed 99968K, reserved 1179648K
  class space    used 13607K, committed 14656K, reserved 1048576K
}
Event: 11.992 GC heap before
{Heap before GC invocations=27 (full 0):
 garbage-first heap   total 188416K, used 170358K [0x0000000080000000, 0x0000000100000000)
  region size 1024K, 66 young (67584K), 8 survivors (8192K)
 Metaspace       used 100276K, committed 102528K, reserved 1179648K
  class space    used 13917K, committed 15040K, reserved 1048576K
}
Event: 12.005 GC heap after
{Heap after GC invocations=28 (full 0):
 garbage-first heap   total 196608K, used 124546K [0x0000000080000000, 0x0000000100000000)
  region size 1024K, 9 young (9216K), 9 survivors (9216K)
 Metaspace       used 100276K, committed 102528K, reserved 1179648K
  class space    used 13917K, committed 15040K, reserved 1048576K
}

