# JRE version: Java(TM) SE Runtime Environment (21.0.2+13) (build 21.0.2+13-LTS-58)
# Java VM: Java HotSpot(TM) 64-Bit Server VM (21.0.2+13-LTS-58, mixed mode, sharing, tiered, compressed oops, compressed class ptrs, g1 gc, windows-amd64)
GC Precious Log:
 CardTable entry size: 512
 Card Set container configuration: InlinePtr #cards 5 size 8 Array Of Cards #cards 12 size 40 Howl #buckets 4 coarsen threshold 1843 Howl Bitmap #cards 512 size 80 coarsen threshold 460 Card regions per heap region 1 cards per card region 2048
 CPUs: 16 total, 16 available
 Memory: 15790M
 Large Page Support: Disabled
 NUMA Support: Disabled
 Compressed Oops: Enabled (32-bit)
 Heap Region Size: 1M
 Heap Min Capacity: 8M
 Heap Initial Capacity: 248M
 Heap Max Capacity: 2G
 Pre-touch: Disabled
 Parallel Workers: 13
 Concurrent Workers: 3
 Concurrent Refinement Workers: 13
 Periodic GC: Disabled
Heap:
 garbage-first heap   total 173056K, used 114078K [0x0000000080000000, 0x0000000100000000)
  region size 1024K, 9 young (9216K), 5 survivors (5120K)
 Metaspace       used 98839K, committed 101056K, reserved 1179648K
  class space    used 13743K, committed 14784K, reserved 1048576K
GC Heap History (20 events):
Event: 9.485 GC heap before
{Heap before GC invocations=18 (full 0):
 garbage-first heap   total 142336K, used 126890K [0x0000000080000000, 0x0000000100000000)
  region size 1024K, 48 young (49152K), 4 survivors (4096K)
 Metaspace       used 73440K, committed 75328K, reserved 1114112K
  class space    used 10140K, committed 11072K, reserved 1048576K
}
Event: 9.489 GC heap after
{Heap after GC invocations=19 (full 0):
 garbage-first heap   total 142336K, used 84139K [0x0000000080000000, 0x0000000100000000)
  region size 1024K, 3 young (3072K), 3 survivors (3072K)
 Metaspace       used 73440K, committed 75328K, reserved 1114112K
  class space    used 10140K, committed 11072K, reserved 1048576K
}
Event: 9.934 GC heap before
{Heap before GC invocations=20 (full 0):
 garbage-first heap   total 145408K, used 128171K [0x0000000080000000, 0x0000000100000000)
  region size 1024K, 47 young (48128K), 3 survivors (3072K)
 Metaspace       used 75020K, committed 76992K, reserved 1179648K
  class space    used 10338K, committed 11328K, reserved 1048576K
}
Event: 9.938 GC heap after
{Heap after GC invocations=21 (full 0):
 garbage-first heap   total 145408K, used 88532K [0x0000000080000000, 0x0000000100000000)
  region size 1024K, 6 young (6144K), 6 survivors (6144K)
 Metaspace       used 75020K, committed 76992K, reserved 1179648K
  class space    used 10338K, committed 11328K, reserved 1048576K
}
Event: 10.375 GC heap before
{Heap before GC invocations=21 (full 0):
 garbage-first heap   total 145408K, used 130516K [0x0000000080000000, 0x0000000100000000)
  region size 1024K, 47 young (48128K), 6 survivors (6144K)
 Metaspace       used 78159K, committed 80128K, reserved 1179648K
  class space    used 10749K, committed 11712K, reserved 1048576K
}
Event: 10.379 GC heap after
{Heap after GC invocations=22 (full 0):
 garbage-first heap   total 145408K, used 91177K [0x0000000080000000, 0x0000000100000000)
  region size 1024K, 3 young (3072K), 3 survivors (3072K)
 Metaspace       used 78159K, committed 80128K, reserved 1179648K
  class space    used 10749K, committed 11712K, reserved 1048576K
}
Event: 10.878 GC heap before
{Heap before GC invocations=22 (full 0):
 garbage-first heap   total 145408K, used 133161K [0x0000000080000000, 0x0000000100000000)
  region size 1024K, 44 young (45056K), 3 survivors (3072K)
 Metaspace       used 81278K, committed 83264K, reserved 1179648K
  class space    used 11358K, committed 12352K, reserved 1048576K
}
Event: 10.881 GC heap after
{Heap after GC invocations=23 (full 0):
 garbage-first heap   total 145408K, used 91552K [0x0000000080000000, 0x0000000100000000)
  region size 1024K, 4 young (4096K), 4 survivors (4096K)
 Metaspace       used 81278K, committed 83264K, reserved 1179648K
  class space    used 11358K, committed 12352K, reserved 1048576K
}
Event: 11.289 GC heap before
{Heap before GC invocations=24 (full 0):
 garbage-first heap   total 158720K, used 130464K [0x0000000080000000, 0x0000000100000000)
  region size 1024K, 42 young (43008K), 4 survivors (4096K)
 Metaspace       used 83933K, committed 86016K, reserved 1179648K
  class space    used 11760K, committed 12800K, reserved 1048576K
}
Event: 11.292 GC heap after
{Heap after GC invocations=25 (full 0):
 garbage-first heap   total 158720K, used 93281K [0x0000000080000000, 0x0000000100000000)
  region size 1024K, 5 young (5120K), 5 survivors (5120K)
 Metaspace       used 83933K, committed 86016K, reserved 1179648K
  class space    used 11760K, committed 12800K, reserved 1048576K
}
Event: 11.886 GC heap before
{Heap before GC invocations=25 (full 0):
 garbage-first heap   total 158720K, used 143457K [0x0000000080000000, 0x0000000100000000)
  region size 1024K, 54 young (55296K), 5 survivors (5120K)
 Metaspace       used 87519K, committed 89600K, reserved 1179648K
  class space    used 12256K, committed 13312K, reserved 1048576K
}
Event: 11.891 GC heap after
{Heap after GC invocations=26 (full 0):
 garbage-first heap   total 158720K, used 95457K [0x0000000080000000, 0x0000000100000000)
  region size 1024K, 7 young (7168K), 7 survivors (7168K)
 Metaspace       used 87519K, committed 89600K, reserved 1179648K
  class space    used 12256K, committed 13312K, reserved 1048576K
}
Event: 12.457 GC heap before
{Heap before GC invocations=26 (full 0):
 garbage-first heap   total 158720K, used 140513K [0x0000000080000000, 0x0000000100000000)
  region size 1024K, 52 young (53248K), 7 survivors (7168K)
 Metaspace       used 92125K, committed 94272K, reserved 1179648K
  class space    used 12876K, committed 13952K, reserved 1048576K
}
Event: 12.462 GC heap after
{Heap after GC invocations=27 (full 0):
 garbage-first heap   total 158720K, used 97388K [0x0000000080000000, 0x0000000100000000)
  region size 1024K, 6 young (6144K), 6 survivors (6144K)
 Metaspace       used 92125K, committed 94272K, reserved 1179648K
  class space    used 12876K, committed 13952K, reserved 1048576K
}
Event: 12.908 GC heap before
{Heap before GC invocations=28 (full 0):
 garbage-first heap   total 168960K, used 141420K [0x0000000080000000, 0x0000000100000000)
  region size 1024K, 50 young (51200K), 6 survivors (6144K)
 Metaspace       used 94688K, committed 96896K, reserved 1179648K
  class space    used 13198K, committed 14272K, reserved 1048576K
}
Event: 12.913 GC heap after
{Heap after GC invocations=29 (full 0):
 garbage-first heap   total 168960K, used 102282K [0x0000000080000000, 0x0000000100000000)
  region size 1024K, 7 young (7168K), 7 survivors (7168K)
 Metaspace       used 94688K, committed 96896K, reserved 1179648K
  class space    used 13198K, committed 14272K, reserved 1048576K
}
Event: 13.477 GC heap before
{Heap before GC invocations=29 (full 0):
 garbage-first heap   total 168960K, used 156554K [0x0000000080000000, 0x0000000100000000)
  region size 1024K, 56 young (57344K), 7 survivors (7168K)
 Metaspace       used 97842K, committed 100032K, reserved 1179648K
  class space    used 13579K, committed 14656K, reserved 1048576K
}
Event: 13.487 GC heap after
{Heap after GC invocations=30 (full 0):
 garbage-first heap   total 173056K, used 107844K [0x0000000080000000, 0x0000000100000000)
  region size 1024K, 7 young (7168K), 7 survivors (7168K)
 Metaspace       used 97842K, committed 100032K, reserved 1179648K
  class space    used 13579K, committed 14656K, reserved 1048576K
}
Event: 13.772 GC heap before
{Heap before GC invocations=30 (full 0):
 garbage-first heap   total 173056K, used 154948K [0x0000000080000000, 0x0000000100000000)
  region size 1024K, 54 young (55296K), 7 survivors (7168K)
 Metaspace       used 98636K, committed 100864K, reserved 1179648K
  class space    used 13713K, committed 14784K, reserved 1048576K
}
Event: 13.778 GC heap after
{Heap after GC invocations=31 (full 0):
 garbage-first heap   total 173056K, used 111006K [0x0000000080000000, 0x0000000100000000)
  region size 1024K, 5 young (5120K), 5 survivors (5120K)
 Metaspace       used 98636K, committed 100864K, reserved 1179648K
  class space    used 13713K, committed 14784K, reserved 1048576K
}

